{
  "stats": {
    "suites": 1,
    "tests": 7,
    "passes": 7,
    "pending": 0,
    "failures": 0,
    "start": "2023-10-27T16:33:57.532Z",
    "end": "2023-10-27T16:36:31.465Z",
    "duration": 153933,
    "testsRegistered": 7,
    "passPercent": 100,
    "pendingPercent": 0,
    "other": 0,
    "hasOther": false,
    "skipped": 0,
    "hasSkipped": false
  },
  "results": [
    {
      "uuid": "99172df1-5fa7-4f7b-bfb5-9dc48ebc915e",
      "title": "",
      "fullFile": "C:\\Users\\fulya\\Desktop\\codeceptjs-testing-portfolio-website\\tests\\validate-CTA-clicks.js",
      "file": "\\tests\\validate-CTA-clicks.js",
      "beforeHooks": [],
      "afterHooks": [],
      "tests": [],
      "suites": [
        {
          "uuid": "35858461-3aee-4cb9-94e9-20b7b11c8d52",
          "title": "Validate CTA buttons works",
          "fullFile": "C:\\Users\\fulya\\Desktop\\codeceptjs-testing-portfolio-website\\tests\\validate-CTA-clicks.js",
          "file": "\\tests\\validate-CTA-clicks.js",
          "beforeHooks": [
            {
              "title": "\"before all\" hook: codeceptjs.beforeSuite in \"Validate CTA buttons works\"",
              "fullTitle": "Validate CTA buttons works \"before all\" hook: codeceptjs.beforeSuite in \"Validate CTA buttons works\"",
              "timedOut": false,
              "duration": 4,
              "state": null,
              "speed": null,
              "pass": false,
              "fail": false,
              "pending": false,
              "context": null,
              "code": "scenario.suiteSetup(suite)",
              "err": {},
              "uuid": "b15f7089-6c64-4b23-85f4-e583d1aac159",
              "parentUUID": "35858461-3aee-4cb9-94e9-20b7b11c8d52",
              "isHook": true,
              "skipped": false
            },
            {
              "title": "\"before each\" hook: codeceptjs.before in \"Validate CTA buttons works\"",
              "fullTitle": "Validate CTA buttons works \"before each\" hook: codeceptjs.before in \"Validate CTA buttons works\"",
              "timedOut": false,
              "duration": 922,
              "state": null,
              "speed": null,
              "pass": false,
              "fail": false,
              "pending": false,
              "context": null,
              "code": "scenario.setup(suite)",
              "err": {},
              "uuid": "54640808-5cfd-45c9-bd8e-91922123bf7e",
              "parentUUID": "35858461-3aee-4cb9-94e9-20b7b11c8d52",
              "isHook": true,
              "skipped": false
            }
          ],
          "afterHooks": [
            {
              "title": "\"after all\" hook: codeceptjs.afterSuite in \"Validate CTA buttons works\"",
              "fullTitle": "Validate CTA buttons works \"after all\" hook: codeceptjs.afterSuite in \"Validate CTA buttons works\"",
              "timedOut": false,
              "duration": 0,
              "state": null,
              "speed": null,
              "pass": false,
              "fail": false,
              "pending": false,
              "context": null,
              "code": "scenario.suiteTeardown(suite)",
              "err": {},
              "uuid": "9e427697-9a6a-44fc-8ccc-9831643ebdc2",
              "parentUUID": "35858461-3aee-4cb9-94e9-20b7b11c8d52",
              "isHook": true,
              "skipped": false
            },
            {
              "title": "\"after each\" hook: finalize codeceptjs in \"Validate CTA buttons works\"",
              "fullTitle": "Validate CTA buttons works \"after each\" hook: finalize codeceptjs in \"Validate CTA buttons works\"",
              "timedOut": false,
              "duration": 915,
              "state": null,
              "speed": null,
              "pass": false,
              "fail": false,
              "pending": false,
              "context": null,
              "code": "scenario.teardown(suite)",
              "err": {},
              "uuid": "2b1d1f89-f8c6-4e33-81f2-66804a5604b8",
              "parentUUID": "35858461-3aee-4cb9-94e9-20b7b11c8d52",
              "isHook": true,
              "skipped": false
            }
          ],
          "tests": [
            {
              "title": "Open the portfolio page",
              "fullTitle": "Validate CTA buttons works: Open the portfolio page",
              "timedOut": false,
              "duration": 2988,
              "state": "passed",
              "speed": "slow",
              "pass": true,
              "fail": false,
              "pending": false,
              "context": null,
              "code": "I }) => {\n    I.amOnPage('/');\n    I.seeInTitle('Fulya Ertays Portfolio');",
              "err": {},
              "uuid": "7694453b-1825-4492-95e3-3069dff80515",
              "parentUUID": "35858461-3aee-4cb9-94e9-20b7b11c8d52",
              "isHook": false,
              "skipped": false
            },
            {
              "title": "Click links on the top menu bar",
              "fullTitle": "Validate CTA buttons works: Click links on the top menu bar",
              "timedOut": false,
              "duration": 18041,
              "state": "passed",
              "speed": "slow",
              "pass": true,
              "fail": false,
              "pending": false,
              "context": null,
              "code": "I }) => {\n    //click Projects button\n    I.amOnPage('/');\n    I.waitForElement('#projects-link');\n    I.click('//*[@id=\"projects-link\"]');\n    I.wait(2)\n    //click About button\n    I.waitForElement('#about-link');\n    I.click('//*[@id=\"about-link\"]');\n    I.wait(2)\n    //click Contact button\n    I.waitForElement('#contact-link');\n    I.click('//*[@id=\"contact-link\"]');\n    I.wait(2)\n    //click Resume button\n    I.waitForElement('#resume-link');\n    I.click('//*[@id=\"resume-link\"]');\n    I.amOnPage('https://www.showwcase.com/fulyaertay');\n    I.wait(2)",
              "err": {},
              "uuid": "11f73202-0d98-4b26-8da0-2f5a6adfea99",
              "parentUUID": "35858461-3aee-4cb9-94e9-20b7b11c8d52",
              "isHook": false,
              "skipped": false
            },
            {
              "title": "Click links on the header section",
              "fullTitle": "Validate CTA buttons works: Click links on the header section",
              "timedOut": false,
              "duration": 5844,
              "state": "passed",
              "speed": "slow",
              "pass": true,
              "fail": false,
              "pending": false,
              "context": null,
              "code": "I }) => {\n    //click Get in Touch button\n    I.amOnPage('/');\n    I.waitForElement('//*[@id=\"__next\"]/div/main/section[1]/div/div[2]/a');\n    I.click('//*[@id=\"__next\"]/div/main/section[1]/div/div[2]/a');\n    I.waitForElement('//*[@id=\"contact\"]/div/h3[contains(text(),\"Get in Touch\")]')\n    I.wait(2)",
              "err": {},
              "uuid": "7a88cfa3-4c42-40fb-8a39-818e3f1582d5",
              "parentUUID": "35858461-3aee-4cb9-94e9-20b7b11c8d52",
              "isHook": false,
              "skipped": false
            },
            {
              "title": "Click links on the My Portfolio section",
              "fullTitle": "Validate CTA buttons works: Click links on the My Portfolio section",
              "timedOut": false,
              "duration": 60325,
              "state": "passed",
              "speed": "slow",
              "pass": true,
              "fail": false,
              "pending": false,
              "context": null,
              "code": "I }) => {\n    //click Visit Site button for first project\n    I.amOnPage('/');\n    I.waitForElement('//*[@id=\"projects\"]/div[2]/div/div[2]/div/a[1]/span');\n    I.click('//*[@id=\"projects\"]/div[2]/div/div[2]/div/a[1]/span');\n    I.amOnPage('https://scrimba-spotify-clone.netlify.app/');\n    I.wait(2)\n    //click the Github button for first project\n    I.executeScript(\"window.history.back();\");\n    I.wait(2)\n    I.waitForElement('//*[@id=\"github\"]');\n    I.click('//*[@id=\"github\"]');\n    I.amOnPage('https://github.com/fulyaertay/scrimba-tailwind-projects/tree/master/3-solo-project-spotify-clone');\n    I.wait(2)\n    //click Github button for second project\n    I.executeScript(\"window.history.back();\");\n    I.wait(2);\n    I.waitForElement('//*[@id=\"github\"]');\n    I.click('//*[@id=\"github\"]');\n    I.amOnPage('https://github.com/fulyaertay/react-mysql-book-application/tree/main');\n    I.wait(2)\n     //click Visit Site button for third project\n     I.executeScript(\"window.history.back();\");\n     I.wait(2);\n     I.waitForElement('//*[@id=\"projects\"]/div[2]/div/div[6]/div/a[1]');\n     I.click('//*[@id=\"projects\"]/div[2]/div/div[6]/div/a[1]');\n     I.amOnPage('https://mini-blog-website.netlify.app/');\n     I.wait(2)\n    //click Github button for third project\n    I.executeScript(\"window.history.back();\");\n    I.wait(2);\n    I.waitForElement('//*[@id=\"github\"]');\n    I.click('//*[@id=\"github\"]');\n    I.amOnPage('https://github.com/fulyaertay/mini-blog-app');\n    I.wait(2)\n     //click Visit Site button for fourth project\n     I.executeScript(\"window.history.back();\");\n     I.wait(2);\n     I.waitForElement('//*[@id=\"projects\"]/div[2]/div/div[8]/div/a[1]');\n     I.click('//*[@id=\"projects\"]/div[2]/div/div[8]/div/a[1]');\n     I.amOnPage('https://scrimba-quiz-app.netlify.app/');\n     I.wait(2)\n    \n     //click Github button for fourth project\n    I.executeScript(\"window.history.back();\");\n    I.wait(2);\n    I.waitForElement('//*[@id=\"github\"]');\n    I.click('//*[@id=\"github\"]');\n    I.amOnPage('https://github.com/fulyaertay/react-basics/tree/master/8-quiz-app');\n    I.wait(2)\n     //click Visit Site button for fifth project\n     I.executeScript(\"window.history.back();\");\n     I.wait(2);\n     I.waitForElement('//*[@id=\"projects\"]/div[2]/div/div[10]/div/a[1]');\n     I.click('//*[@id=\"projects\"]/div[2]/div/div[10]/div/a[1]');\n     I.amOnPage('https://fe-vans-app.netlify.app/');\n     I.wait(2)\n    \n     //click Github button for fifth project\n    I.executeScript(\"window.history.back();\");\n    I.wait(2);\n    I.waitForElement('//*[@id=\"github\"]');\n    I.click('//*[@id=\"github\"]');\n    I.amOnPage('https://github.com/fulyaertay/react-router-v6');\n    I.wait(2)",
              "err": {},
              "uuid": "9a25c9bc-cf08-4d46-b95a-928b1a9b9f4a",
              "parentUUID": "35858461-3aee-4cb9-94e9-20b7b11c8d52",
              "isHook": false,
              "skipped": false
            },
            {
              "title": "Click See My Resume button on About section",
              "fullTitle": "Validate CTA buttons works: Click See My Resume button on About section",
              "timedOut": false,
              "duration": 11339,
              "state": "passed",
              "speed": "slow",
              "pass": true,
              "fail": false,
              "pending": false,
              "context": null,
              "code": "I }) => {\n    I.amOnPage('/');\n    I.waitForElement('//*[@id=\"see-resume\"]');\n    I.click('//*[@id=\"see-resume\"]');\n    I.amOnPage('https://www.showwcase.com/fulyaertay');\n    I.wait(2)",
              "err": {},
              "uuid": "e9ebb994-3436-427c-b99f-c3bbe30b93cb",
              "parentUUID": "35858461-3aee-4cb9-94e9-20b7b11c8d52",
              "isHook": false,
              "skipped": false
            },
            {
              "title": "Click Send Mail button on Get in Touch section",
              "fullTitle": "Validate CTA buttons works: Click Send Mail button on Get in Touch section",
              "timedOut": false,
              "duration": 4084,
              "state": "passed",
              "speed": "slow",
              "pass": true,
              "fail": false,
              "pending": false,
              "context": null,
              "code": "I }) => {\n    I.amOnPage('/');\n    I.waitForElement('//*[@id=\"send-mail\"]');\n    I.click('//*[@id=\"send-mail\"]');\n    I.wait(2)",
              "err": {},
              "uuid": "4615673f-4031-494d-b492-e7ff447a49ba",
              "parentUUID": "35858461-3aee-4cb9-94e9-20b7b11c8d52",
              "isHook": false,
              "skipped": false
            },
            {
              "title": "Click icons on footer section",
              "fullTitle": "Validate CTA buttons works: Click icons on footer section",
              "timedOut": false,
              "duration": 37907,
              "state": "passed",
              "speed": "slow",
              "pass": true,
              "fail": false,
              "pending": false,
              "context": null,
              "code": "I }) => {\n    //click Dribble icon\n    I.amOnPage('/');\n    I.waitForElement('//*[@id=\"dribble\"]');\n    I.click('//*[@id=\"dribble\"]');\n    I.amOnPage('https://dribbble.com/fulyaertay');\n    //click Linkedin icon\n    I.executeScript(\"window.history.back();\");\n    I.wait(2)\n    I.waitForElement('//*[@id=\"linkedin\"]');\n    I.click('//*[@id=\"linkedin\"]');\n    I.amOnPage('https://www.linkedin.com/in/fulyaertay/');\n    I.wait(2)\n    //click Github icon\n    I.executeScript(\"window.history.back();\");\n    I.wait(2)\n    I.waitForElement('//*[@id=\"github\"]');\n    I.click('//*[@id=\"github\"]');\n    I.amOnPage('https://github.com/fulyaertay');\n    I.wait(2)\n    //click Medium icon\n    I.executeScript(\"window.history.back();\");\n    I.wait(2)\n    I.waitForElement('//*[@id=\"medium\"]');\n    I.click('//*[@id=\"medium\"]');\n    I.amOnPage('https://medium.com/@fulyaertay');\n    I.wait(2)",
              "err": {},
              "uuid": "6341424d-0962-4230-9a50-ed7d18fff3c8",
              "parentUUID": "35858461-3aee-4cb9-94e9-20b7b11c8d52",
              "isHook": false,
              "skipped": false
            }
          ],
          "suites": [],
          "passes": [
            "7694453b-1825-4492-95e3-3069dff80515",
            "11f73202-0d98-4b26-8da0-2f5a6adfea99",
            "7a88cfa3-4c42-40fb-8a39-818e3f1582d5",
            "9a25c9bc-cf08-4d46-b95a-928b1a9b9f4a",
            "e9ebb994-3436-427c-b99f-c3bbe30b93cb",
            "4615673f-4031-494d-b492-e7ff447a49ba",
            "6341424d-0962-4230-9a50-ed7d18fff3c8"
          ],
          "failures": [],
          "pending": [],
          "skipped": [],
          "duration": 140528,
          "root": false,
          "rootEmpty": false,
          "_timeout": 0
        }
      ],
      "passes": [],
      "failures": [],
      "pending": [],
      "skipped": [],
      "duration": 0,
      "root": true,
      "rootEmpty": true,
      "_timeout": 0
    }
  ],
  "meta": {
    "mocha": {
      "version": "10.2.0"
    },
    "mochawesome": {
      "options": {
        "quiet": false,
        "reportFilename": "mochawesome",
        "saveHtml": true,
        "saveJson": true,
        "consoleReporter": "spec",
        "useInlineDiffs": false,
        "code": true
      },
      "version": "7.1.3"
    },
    "marge": {
      "options": {
        "reportDir": "output"
      },
      "version": "6.2.0"
    }
  }
}